<?xml version="1.0" encoding="UTF-8"?>
<testsuite xmlns:xsi="http://www.w3.org/2001/XMLSchema-instance" xsi:noNamespaceSchemaLocation="https://maven.apache.org/surefire/maven-surefire-plugin/xsd/surefire-test-report-3.0.xsd" version="3.0" name="com.teambuilder.tests.TeamCreationTest" time="207.243" tests="1" errors="0" skipped="0" failures="0">
  <properties>
    <property name="java.specification.version" value="21"/>
    <property name="webdriver.chrome.driver" value="/Users/oluwabamise/.cache/selenium/chromedriver/mac64/132.0.6834.83/chromedriver"/>
    <property name="sun.jnu.encoding" value="UTF-8"/>
    <property name="sun.awt.enableExtraMouseButtons" value="true"/>
    <property name="java.class.path" value="/Users/oluwabamise/flutter_e2e/target/test-classes:/Users/oluwabamise/flutter_e2e/target/classes:/Users/oluwabamise/.m2/repository/org/seleniumhq/selenium/selenium-java/4.16.1/selenium-java-4.16.1.jar:/Users/oluwabamise/.m2/repository/org/seleniumhq/selenium/selenium-api/4.16.1/selenium-api-4.16.1.jar:/Users/oluwabamise/.m2/repository/org/seleniumhq/selenium/selenium-chrome-driver/4.16.1/selenium-chrome-driver-4.16.1.jar:/Users/oluwabamise/.m2/repository/com/google/auto/service/auto-service-annotations/1.1.1/auto-service-annotations-1.1.1.jar:/Users/oluwabamise/.m2/repository/org/seleniumhq/selenium/selenium-chromium-driver/4.16.1/selenium-chromium-driver-4.16.1.jar:/Users/oluwabamise/.m2/repository/org/seleniumhq/selenium/selenium-json/4.16.1/selenium-json-4.16.1.jar:/Users/oluwabamise/.m2/repository/org/seleniumhq/selenium/selenium-manager/4.16.1/selenium-manager-4.16.1.jar:/Users/oluwabamise/.m2/repository/org/seleniumhq/selenium/selenium-devtools-v118/4.16.1/selenium-devtools-v118-4.16.1.jar:/Users/oluwabamise/.m2/repository/org/seleniumhq/selenium/selenium-devtools-v119/4.16.1/selenium-devtools-v119-4.16.1.jar:/Users/oluwabamise/.m2/repository/org/seleniumhq/selenium/selenium-devtools-v120/4.16.1/selenium-devtools-v120-4.16.1.jar:/Users/oluwabamise/.m2/repository/org/seleniumhq/selenium/selenium-devtools-v85/4.16.1/selenium-devtools-v85-4.16.1.jar:/Users/oluwabamise/.m2/repository/org/seleniumhq/selenium/selenium-edge-driver/4.16.1/selenium-edge-driver-4.16.1.jar:/Users/oluwabamise/.m2/repository/org/seleniumhq/selenium/selenium-firefox-driver/4.16.1/selenium-firefox-driver-4.16.1.jar:/Users/oluwabamise/.m2/repository/org/seleniumhq/selenium/selenium-http/4.16.1/selenium-http-4.16.1.jar:/Users/oluwabamise/.m2/repository/dev/failsafe/failsafe/3.3.2/failsafe-3.3.2.jar:/Users/oluwabamise/.m2/repository/org/seleniumhq/selenium/selenium-ie-driver/4.16.1/selenium-ie-driver-4.16.1.jar:/Users/oluwabamise/.m2/repository/org/seleniumhq/selenium/selenium-remote-driver/4.16.1/selenium-remote-driver-4.16.1.jar:/Users/oluwabamise/.m2/repository/com/google/guava/guava/32.1.2-jre/guava-32.1.2-jre.jar:/Users/oluwabamise/.m2/repository/com/google/guava/listenablefuture/9999.0-empty-to-avoid-conflict-with-guava/listenablefuture-9999.0-empty-to-avoid-conflict-with-guava.jar:/Users/oluwabamise/.m2/repository/com/google/code/findbugs/jsr305/3.0.2/jsr305-3.0.2.jar:/Users/oluwabamise/.m2/repository/org/checkerframework/checker-qual/3.33.0/checker-qual-3.33.0.jar:/Users/oluwabamise/.m2/repository/com/google/errorprone/error_prone_annotations/2.18.0/error_prone_annotations-2.18.0.jar:/Users/oluwabamise/.m2/repository/com/google/j2objc/j2objc-annotations/2.8/j2objc-annotations-2.8.jar:/Users/oluwabamise/.m2/repository/io/opentelemetry/opentelemetry-api/1.28.0/opentelemetry-api-1.28.0.jar:/Users/oluwabamise/.m2/repository/io/opentelemetry/opentelemetry-context/1.28.0/opentelemetry-context-1.28.0.jar:/Users/oluwabamise/.m2/repository/io/opentelemetry/opentelemetry-exporter-logging/1.28.0/opentelemetry-exporter-logging-1.28.0.jar:/Users/oluwabamise/.m2/repository/io/opentelemetry/opentelemetry-sdk-metrics/1.28.0/opentelemetry-sdk-metrics-1.28.0.jar:/Users/oluwabamise/.m2/repository/io/opentelemetry/opentelemetry-extension-incubator/1.28.0-alpha/opentelemetry-extension-incubator-1.28.0-alpha.jar:/Users/oluwabamise/.m2/repository/io/opentelemetry/opentelemetry-sdk-logs/1.28.0/opentelemetry-sdk-logs-1.28.0.jar:/Users/oluwabamise/.m2/repository/io/opentelemetry/opentelemetry-sdk-common/1.28.0/opentelemetry-sdk-common-1.28.0.jar:/Users/oluwabamise/.m2/repository/io/opentelemetry/opentelemetry-sdk-extension-autoconfigure-spi/1.28.0/opentelemetry-sdk-extension-autoconfigure-spi-1.28.0.jar:/Users/oluwabamise/.m2/repository/io/opentelemetry/opentelemetry-sdk-extension-autoconfigure/1.28.0/opentelemetry-sdk-extension-autoconfigure-1.28.0.jar:/Users/oluwabamise/.m2/repository/io/opentelemetry/opentelemetry-api-events/1.28.0-alpha/opentelemetry-api-events-1.28.0-alpha.jar:/Users/oluwabamise/.m2/repository/io/opentelemetry/opentelemetry-sdk-trace/1.28.0/opentelemetry-sdk-trace-1.28.0.jar:/Users/oluwabamise/.m2/repository/io/opentelemetry/opentelemetry-sdk/1.28.0/opentelemetry-sdk-1.28.0.jar:/Users/oluwabamise/.m2/repository/io/opentelemetry/opentelemetry-semconv/1.28.0-alpha/opentelemetry-semconv-1.28.0-alpha.jar:/Users/oluwabamise/.m2/repository/net/bytebuddy/byte-buddy/1.14.5/byte-buddy-1.14.5.jar:/Users/oluwabamise/.m2/repository/org/seleniumhq/selenium/selenium-os/4.16.1/selenium-os-4.16.1.jar:/Users/oluwabamise/.m2/repository/org/seleniumhq/selenium/selenium-safari-driver/4.16.1/selenium-safari-driver-4.16.1.jar:/Users/oluwabamise/.m2/repository/org/seleniumhq/selenium/selenium-support/4.16.1/selenium-support-4.16.1.jar:/Users/oluwabamise/.m2/repository/org/testng/testng/7.8.0/testng-7.8.0.jar:/Users/oluwabamise/.m2/repository/com/beust/jcommander/1.82/jcommander-1.82.jar:/Users/oluwabamise/.m2/repository/org/webjars/jquery/3.6.1/jquery-3.6.1.jar:/Users/oluwabamise/.m2/repository/com/sikulix/sikulixapi/2.0.5/sikulixapi-2.0.5.jar:/Users/oluwabamise/.m2/repository/org/python/jython-slim/2.7.2/jython-slim-2.7.2.jar:/Users/oluwabamise/.m2/repository/org/antlr/antlr/3.5.2/antlr-3.5.2.jar:/Users/oluwabamise/.m2/repository/org/antlr/ST4/4.0.8/ST4-4.0.8.jar:/Users/oluwabamise/.m2/repository/javax/servlet/javax.servlet-api/3.1.0/javax.servlet-api-3.1.0.jar:/Users/oluwabamise/.m2/repository/org/antlr/antlr-runtime/3.5.2/antlr-runtime-3.5.2.jar:/Users/oluwabamise/.m2/repository/org/bouncycastle/bcpkix-jdk15on/1.62/bcpkix-jdk15on-1.62.jar:/Users/oluwabamise/.m2/repository/org/bouncycastle/bcprov-jdk15on/1.62/bcprov-jdk15on-1.62.jar:/Users/oluwabamise/.m2/repository/org/ow2/asm/asm/7.1/asm-7.1.jar:/Users/oluwabamise/.m2/repository/org/ow2/asm/asm-commons/7.1/asm-commons-7.1.jar:/Users/oluwabamise/.m2/repository/org/ow2/asm/asm-tree/7.1/asm-tree-7.1.jar:/Users/oluwabamise/.m2/repository/org/ow2/asm/asm-analysis/7.1/asm-analysis-7.1.jar:/Users/oluwabamise/.m2/repository/org/ow2/asm/asm-util/7.1/asm-util-7.1.jar:/Users/oluwabamise/.m2/repository/com/google/guava/failureaccess/1.0.1/failureaccess-1.0.1.jar:/Users/oluwabamise/.m2/repository/com/ibm/icu/icu4j/59.1/icu4j-59.1.jar:/Users/oluwabamise/.m2/repository/com/carrotsearch/java-sizeof/0.0.5/java-sizeof-0.0.5.jar:/Users/oluwabamise/.m2/repository/com/github/jnr/jffi/1.2.20/jffi-1.2.20.jar:/Users/oluwabamise/.m2/repository/com/github/jnr/jnr-netdb/1.1.6/jnr-netdb-1.1.6.jar:/Users/oluwabamise/.m2/repository/com/github/jnr/jnr-ffi/2.1.10/jnr-ffi-2.1.10.jar:/Users/oluwabamise/.m2/repository/com/github/jnr/jffi/1.2.19/jffi-1.2.19-native.jar:/Users/oluwabamise/.m2/repository/com/github/jnr/jnr-a64asm/1.0.0/jnr-a64asm-1.0.0.jar:/Users/oluwabamise/.m2/repository/com/github/jnr/jnr-x86asm/1.0.2/jnr-x86asm-1.0.2.jar:/Users/oluwabamise/.m2/repository/com/github/jnr/jnr-posix/3.0.50/jnr-posix-3.0.50.jar:/Users/oluwabamise/.m2/repository/com/github/jnr/jnr-constants/0.9.12/jnr-constants-0.9.12.jar:/Users/oluwabamise/.m2/repository/jline/jline/2.14.5/jline-2.14.5.jar:/Users/oluwabamise/.m2/repository/io/netty/netty-buffer/4.1.45.Final/netty-buffer-4.1.45.Final.jar:/Users/oluwabamise/.m2/repository/io/netty/netty-codec/4.1.45.Final/netty-codec-4.1.45.Final.jar:/Users/oluwabamise/.m2/repository/io/netty/netty-common/4.1.45.Final/netty-common-4.1.45.Final.jar:/Users/oluwabamise/.m2/repository/io/netty/netty-handler/4.1.45.Final/netty-handler-4.1.45.Final.jar:/Users/oluwabamise/.m2/repository/io/netty/netty-resolver/4.1.45.Final/netty-resolver-4.1.45.Final.jar:/Users/oluwabamise/.m2/repository/io/netty/netty-transport/4.1.45.Final/netty-transport-4.1.45.Final.jar:/Users/oluwabamise/.m2/repository/org/apache/ant/ant/1.9.7/ant-1.9.7.jar:/Users/oluwabamise/.m2/repository/org/apache/ant/ant-launcher/1.9.7/ant-launcher-1.9.7.jar:/Users/oluwabamise/.m2/repository/com/sikulix/sikulix2tigervnc/1.1.4/sikulix2tigervnc-1.1.4.jar:/Users/oluwabamise/.m2/repository/org/openpnp/opencv/4.3.0-3/opencv-4.3.0-3.jar:/Users/oluwabamise/.m2/repository/commons-cli/commons-cli/1.4/commons-cli-1.4.jar:/Users/oluwabamise/.m2/repository/org/apache/commons/commons-exec/1.3/commons-exec-1.3.jar:/Users/oluwabamise/.m2/repository/net/java/dev/jna/jna-platform/5.6.0/jna-platform-5.6.0.jar:/Users/oluwabamise/.m2/repository/net/java/dev/jna/jna/5.6.0/jna-5.6.0.jar:/Users/oluwabamise/.m2/repository/net/oneandone/reflections8/reflections8/0.11.6/reflections8-0.11.6.jar:/Users/oluwabamise/.m2/repository/org/javassist/javassist/3.22.0-GA/javassist-3.22.0-GA.jar:/Users/oluwabamise/.m2/repository/net/sourceforge/tess4j/tess4j/4.5.4/tess4j-4.5.4.jar:/Users/oluwabamise/.m2/repository/com/github/jai-imageio/jai-imageio-core/1.4.0/jai-imageio-core-1.4.0.jar:/Users/oluwabamise/.m2/repository/org/ghost4j/ghost4j/1.0.1/ghost4j-1.0.1.jar:/Users/oluwabamise/.m2/repository/log4j/log4j/1.2.17/log4j-1.2.17.jar:/Users/oluwabamise/.m2/repository/commons-beanutils/commons-beanutils/1.9.2/commons-beanutils-1.9.2.jar:/Users/oluwabamise/.m2/repository/commons-collections/commons-collections/3.2.1/commons-collections-3.2.1.jar:/Users/oluwabamise/.m2/repository/org/apache/xmlgraphics/xmlgraphics-commons/1.4/xmlgraphics-commons-1.4.jar:/Users/oluwabamise/.m2/repository/com/lowagie/itext/2.1.7/itext-2.1.7.jar:/Users/oluwabamise/.m2/repository/org/apache/pdfbox/pdfbox/2.0.21/pdfbox-2.0.21.jar:/Users/oluwabamise/.m2/repository/org/apache/pdfbox/fontbox/2.0.21/fontbox-2.0.21.jar:/Users/oluwabamise/.m2/repository/commons-logging/commons-logging/1.2/commons-logging-1.2.jar:/Users/oluwabamise/.m2/repository/org/apache/pdfbox/pdfbox-tools/2.0.21/pdfbox-tools-2.0.21.jar:/Users/oluwabamise/.m2/repository/org/apache/pdfbox/pdfbox-debugger/2.0.21/pdfbox-debugger-2.0.21.jar:/Users/oluwabamise/.m2/repository/org/apache/pdfbox/jbig2-imageio/3.0.3/jbig2-imageio-3.0.3.jar:/Users/oluwabamise/.m2/repository/commons-io/commons-io/2.8.0/commons-io-2.8.0.jar:/Users/oluwabamise/.m2/repository/net/sourceforge/lept4j/lept4j/1.13.2/lept4j-1.13.2.jar:/Users/oluwabamise/.m2/repository/org/jboss/jboss-vfs/3.2.15.Final/jboss-vfs-3.2.15.Final.jar:/Users/oluwabamise/.m2/repository/org/jboss/logging/jboss-logging/3.1.4.GA/jboss-logging-3.1.4.GA.jar:/Users/oluwabamise/.m2/repository/org/slf4j/slf4j-nop/1.7.28/slf4j-nop-1.7.28.jar:/Users/oluwabamise/.m2/repository/net/sf/py4j/py4j/0.10.9.1/py4j-0.10.9.1.jar:/Users/oluwabamise/.m2/repository/io/github/bonigarcia/webdrivermanager/5.6.2/webdrivermanager-5.6.2.jar:/Users/oluwabamise/.m2/repository/com/google/code/gson/gson/2.10.1/gson-2.10.1.jar:/Users/oluwabamise/.m2/repository/com/github/docker-java/docker-java/3.3.4/docker-java-3.3.4.jar:/Users/oluwabamise/.m2/repository/com/github/docker-java/docker-java-core/3.3.4/docker-java-core-3.3.4.jar:/Users/oluwabamise/.m2/repository/com/github/docker-java/docker-java-api/3.3.4/docker-java-api-3.3.4.jar:/Users/oluwabamise/.m2/repository/com/fasterxml/jackson/core/jackson-annotations/2.10.3/jackson-annotations-2.10.3.jar:/Users/oluwabamise/.m2/repository/com/fasterxml/jackson/core/jackson-databind/2.10.3/jackson-databind-2.10.3.jar:/Users/oluwabamise/.m2/repository/com/fasterxml/jackson/core/jackson-core/2.10.3/jackson-core-2.10.3.jar:/Users/oluwabamise/.m2/repository/org/bouncycastle/bcpkix-jdk18on/1.76/bcpkix-jdk18on-1.76.jar:/Users/oluwabamise/.m2/repository/org/bouncycastle/bcprov-jdk18on/1.76/bcprov-jdk18on-1.76.jar:/Users/oluwabamise/.m2/repository/org/bouncycastle/bcutil-jdk18on/1.76/bcutil-jdk18on-1.76.jar:/Users/oluwabamise/.m2/repository/org/slf4j/jcl-over-slf4j/1.7.30/jcl-over-slf4j-1.7.30.jar:/Users/oluwabamise/.m2/repository/com/github/docker-java/docker-java-transport-httpclient5/3.3.4/docker-java-transport-httpclient5-3.3.4.jar:/Users/oluwabamise/.m2/repository/com/github/docker-java/docker-java-transport/3.3.4/docker-java-transport-3.3.4.jar:/Users/oluwabamise/.m2/repository/org/brotli/dec/0.1.2/dec-0.1.2.jar:/Users/oluwabamise/.m2/repository/org/apache/commons/commons-lang3/3.13.0/commons-lang3-3.13.0.jar:/Users/oluwabamise/.m2/repository/org/apache/commons/commons-compress/1.24.0/commons-compress-1.24.0.jar:/Users/oluwabamise/.m2/repository/org/apache/httpcomponents/client5/httpclient5/5.2.1/httpclient5-5.2.1.jar:/Users/oluwabamise/.m2/repository/org/apache/httpcomponents/core5/httpcore5/5.2/httpcore5-5.2.jar:/Users/oluwabamise/.m2/repository/org/apache/httpcomponents/core5/httpcore5-h2/5.2/httpcore5-h2-5.2.jar:/Users/oluwabamise/.m2/repository/org/slf4j/slf4j-api/2.0.9/slf4j-api-2.0.9.jar:/Users/oluwabamise/.m2/repository/org/slf4j/slf4j-simple/2.0.9/slf4j-simple-2.0.9.jar:"/>
    <property name="java.vm.vendor" value="Oracle Corporation"/>
    <property name="sun.arch.data.model" value="64"/>
    <property name="java.vendor.url" value="https://java.oracle.com/"/>
    <property name="user.timezone" value="Europe/Lisbon"/>
    <property name="os.name" value="Mac OS X"/>
    <property name="java.vm.specification.version" value="21"/>
    <property name="sun.java.launcher" value="SUN_STANDARD"/>
    <property name="user.country" value="NG"/>
    <property name="sun.boot.library.path" value="/Users/oluwabamise/Library/Java/JavaVirtualMachines/openjdk-21.0.1/Contents/Home/lib"/>
    <property name="sun.java.command" value="/Users/oluwabamise/flutter_e2e/target/surefire/surefirebooter-20250118165736775_3.jar /Users/oluwabamise/flutter_e2e/target/surefire 2025-01-18T16-57-36_608-jvmRun1 surefire-20250118165736775_1tmp surefire_0-20250118165736775_2tmp"/>
    <property name="jdk.debug" value="release"/>
    <property name="test" value="TeamCreationTest"/>
    <property name="surefire.test.class.path" value="/Users/oluwabamise/flutter_e2e/target/test-classes:/Users/oluwabamise/flutter_e2e/target/classes:/Users/oluwabamise/.m2/repository/org/seleniumhq/selenium/selenium-java/4.16.1/selenium-java-4.16.1.jar:/Users/oluwabamise/.m2/repository/org/seleniumhq/selenium/selenium-api/4.16.1/selenium-api-4.16.1.jar:/Users/oluwabamise/.m2/repository/org/seleniumhq/selenium/selenium-chrome-driver/4.16.1/selenium-chrome-driver-4.16.1.jar:/Users/oluwabamise/.m2/repository/com/google/auto/service/auto-service-annotations/1.1.1/auto-service-annotations-1.1.1.jar:/Users/oluwabamise/.m2/repository/org/seleniumhq/selenium/selenium-chromium-driver/4.16.1/selenium-chromium-driver-4.16.1.jar:/Users/oluwabamise/.m2/repository/org/seleniumhq/selenium/selenium-json/4.16.1/selenium-json-4.16.1.jar:/Users/oluwabamise/.m2/repository/org/seleniumhq/selenium/selenium-manager/4.16.1/selenium-manager-4.16.1.jar:/Users/oluwabamise/.m2/repository/org/seleniumhq/selenium/selenium-devtools-v118/4.16.1/selenium-devtools-v118-4.16.1.jar:/Users/oluwabamise/.m2/repository/org/seleniumhq/selenium/selenium-devtools-v119/4.16.1/selenium-devtools-v119-4.16.1.jar:/Users/oluwabamise/.m2/repository/org/seleniumhq/selenium/selenium-devtools-v120/4.16.1/selenium-devtools-v120-4.16.1.jar:/Users/oluwabamise/.m2/repository/org/seleniumhq/selenium/selenium-devtools-v85/4.16.1/selenium-devtools-v85-4.16.1.jar:/Users/oluwabamise/.m2/repository/org/seleniumhq/selenium/selenium-edge-driver/4.16.1/selenium-edge-driver-4.16.1.jar:/Users/oluwabamise/.m2/repository/org/seleniumhq/selenium/selenium-firefox-driver/4.16.1/selenium-firefox-driver-4.16.1.jar:/Users/oluwabamise/.m2/repository/org/seleniumhq/selenium/selenium-http/4.16.1/selenium-http-4.16.1.jar:/Users/oluwabamise/.m2/repository/dev/failsafe/failsafe/3.3.2/failsafe-3.3.2.jar:/Users/oluwabamise/.m2/repository/org/seleniumhq/selenium/selenium-ie-driver/4.16.1/selenium-ie-driver-4.16.1.jar:/Users/oluwabamise/.m2/repository/org/seleniumhq/selenium/selenium-remote-driver/4.16.1/selenium-remote-driver-4.16.1.jar:/Users/oluwabamise/.m2/repository/com/google/guava/guava/32.1.2-jre/guava-32.1.2-jre.jar:/Users/oluwabamise/.m2/repository/com/google/guava/listenablefuture/9999.0-empty-to-avoid-conflict-with-guava/listenablefuture-9999.0-empty-to-avoid-conflict-with-guava.jar:/Users/oluwabamise/.m2/repository/com/google/code/findbugs/jsr305/3.0.2/jsr305-3.0.2.jar:/Users/oluwabamise/.m2/repository/org/checkerframework/checker-qual/3.33.0/checker-qual-3.33.0.jar:/Users/oluwabamise/.m2/repository/com/google/errorprone/error_prone_annotations/2.18.0/error_prone_annotations-2.18.0.jar:/Users/oluwabamise/.m2/repository/com/google/j2objc/j2objc-annotations/2.8/j2objc-annotations-2.8.jar:/Users/oluwabamise/.m2/repository/io/opentelemetry/opentelemetry-api/1.28.0/opentelemetry-api-1.28.0.jar:/Users/oluwabamise/.m2/repository/io/opentelemetry/opentelemetry-context/1.28.0/opentelemetry-context-1.28.0.jar:/Users/oluwabamise/.m2/repository/io/opentelemetry/opentelemetry-exporter-logging/1.28.0/opentelemetry-exporter-logging-1.28.0.jar:/Users/oluwabamise/.m2/repository/io/opentelemetry/opentelemetry-sdk-metrics/1.28.0/opentelemetry-sdk-metrics-1.28.0.jar:/Users/oluwabamise/.m2/repository/io/opentelemetry/opentelemetry-extension-incubator/1.28.0-alpha/opentelemetry-extension-incubator-1.28.0-alpha.jar:/Users/oluwabamise/.m2/repository/io/opentelemetry/opentelemetry-sdk-logs/1.28.0/opentelemetry-sdk-logs-1.28.0.jar:/Users/oluwabamise/.m2/repository/io/opentelemetry/opentelemetry-sdk-common/1.28.0/opentelemetry-sdk-common-1.28.0.jar:/Users/oluwabamise/.m2/repository/io/opentelemetry/opentelemetry-sdk-extension-autoconfigure-spi/1.28.0/opentelemetry-sdk-extension-autoconfigure-spi-1.28.0.jar:/Users/oluwabamise/.m2/repository/io/opentelemetry/opentelemetry-sdk-extension-autoconfigure/1.28.0/opentelemetry-sdk-extension-autoconfigure-1.28.0.jar:/Users/oluwabamise/.m2/repository/io/opentelemetry/opentelemetry-api-events/1.28.0-alpha/opentelemetry-api-events-1.28.0-alpha.jar:/Users/oluwabamise/.m2/repository/io/opentelemetry/opentelemetry-sdk-trace/1.28.0/opentelemetry-sdk-trace-1.28.0.jar:/Users/oluwabamise/.m2/repository/io/opentelemetry/opentelemetry-sdk/1.28.0/opentelemetry-sdk-1.28.0.jar:/Users/oluwabamise/.m2/repository/io/opentelemetry/opentelemetry-semconv/1.28.0-alpha/opentelemetry-semconv-1.28.0-alpha.jar:/Users/oluwabamise/.m2/repository/net/bytebuddy/byte-buddy/1.14.5/byte-buddy-1.14.5.jar:/Users/oluwabamise/.m2/repository/org/seleniumhq/selenium/selenium-os/4.16.1/selenium-os-4.16.1.jar:/Users/oluwabamise/.m2/repository/org/seleniumhq/selenium/selenium-safari-driver/4.16.1/selenium-safari-driver-4.16.1.jar:/Users/oluwabamise/.m2/repository/org/seleniumhq/selenium/selenium-support/4.16.1/selenium-support-4.16.1.jar:/Users/oluwabamise/.m2/repository/org/testng/testng/7.8.0/testng-7.8.0.jar:/Users/oluwabamise/.m2/repository/com/beust/jcommander/1.82/jcommander-1.82.jar:/Users/oluwabamise/.m2/repository/org/webjars/jquery/3.6.1/jquery-3.6.1.jar:/Users/oluwabamise/.m2/repository/com/sikulix/sikulixapi/2.0.5/sikulixapi-2.0.5.jar:/Users/oluwabamise/.m2/repository/org/python/jython-slim/2.7.2/jython-slim-2.7.2.jar:/Users/oluwabamise/.m2/repository/org/antlr/antlr/3.5.2/antlr-3.5.2.jar:/Users/oluwabamise/.m2/repository/org/antlr/ST4/4.0.8/ST4-4.0.8.jar:/Users/oluwabamise/.m2/repository/javax/servlet/javax.servlet-api/3.1.0/javax.servlet-api-3.1.0.jar:/Users/oluwabamise/.m2/repository/org/antlr/antlr-runtime/3.5.2/antlr-runtime-3.5.2.jar:/Users/oluwabamise/.m2/repository/org/bouncycastle/bcpkix-jdk15on/1.62/bcpkix-jdk15on-1.62.jar:/Users/oluwabamise/.m2/repository/org/bouncycastle/bcprov-jdk15on/1.62/bcprov-jdk15on-1.62.jar:/Users/oluwabamise/.m2/repository/org/ow2/asm/asm/7.1/asm-7.1.jar:/Users/oluwabamise/.m2/repository/org/ow2/asm/asm-commons/7.1/asm-commons-7.1.jar:/Users/oluwabamise/.m2/repository/org/ow2/asm/asm-tree/7.1/asm-tree-7.1.jar:/Users/oluwabamise/.m2/repository/org/ow2/asm/asm-analysis/7.1/asm-analysis-7.1.jar:/Users/oluwabamise/.m2/repository/org/ow2/asm/asm-util/7.1/asm-util-7.1.jar:/Users/oluwabamise/.m2/repository/com/google/guava/failureaccess/1.0.1/failureaccess-1.0.1.jar:/Users/oluwabamise/.m2/repository/com/ibm/icu/icu4j/59.1/icu4j-59.1.jar:/Users/oluwabamise/.m2/repository/com/carrotsearch/java-sizeof/0.0.5/java-sizeof-0.0.5.jar:/Users/oluwabamise/.m2/repository/com/github/jnr/jffi/1.2.20/jffi-1.2.20.jar:/Users/oluwabamise/.m2/repository/com/github/jnr/jnr-netdb/1.1.6/jnr-netdb-1.1.6.jar:/Users/oluwabamise/.m2/repository/com/github/jnr/jnr-ffi/2.1.10/jnr-ffi-2.1.10.jar:/Users/oluwabamise/.m2/repository/com/github/jnr/jffi/1.2.19/jffi-1.2.19-native.jar:/Users/oluwabamise/.m2/repository/com/github/jnr/jnr-a64asm/1.0.0/jnr-a64asm-1.0.0.jar:/Users/oluwabamise/.m2/repository/com/github/jnr/jnr-x86asm/1.0.2/jnr-x86asm-1.0.2.jar:/Users/oluwabamise/.m2/repository/com/github/jnr/jnr-posix/3.0.50/jnr-posix-3.0.50.jar:/Users/oluwabamise/.m2/repository/com/github/jnr/jnr-constants/0.9.12/jnr-constants-0.9.12.jar:/Users/oluwabamise/.m2/repository/jline/jline/2.14.5/jline-2.14.5.jar:/Users/oluwabamise/.m2/repository/io/netty/netty-buffer/4.1.45.Final/netty-buffer-4.1.45.Final.jar:/Users/oluwabamise/.m2/repository/io/netty/netty-codec/4.1.45.Final/netty-codec-4.1.45.Final.jar:/Users/oluwabamise/.m2/repository/io/netty/netty-common/4.1.45.Final/netty-common-4.1.45.Final.jar:/Users/oluwabamise/.m2/repository/io/netty/netty-handler/4.1.45.Final/netty-handler-4.1.45.Final.jar:/Users/oluwabamise/.m2/repository/io/netty/netty-resolver/4.1.45.Final/netty-resolver-4.1.45.Final.jar:/Users/oluwabamise/.m2/repository/io/netty/netty-transport/4.1.45.Final/netty-transport-4.1.45.Final.jar:/Users/oluwabamise/.m2/repository/org/apache/ant/ant/1.9.7/ant-1.9.7.jar:/Users/oluwabamise/.m2/repository/org/apache/ant/ant-launcher/1.9.7/ant-launcher-1.9.7.jar:/Users/oluwabamise/.m2/repository/com/sikulix/sikulix2tigervnc/1.1.4/sikulix2tigervnc-1.1.4.jar:/Users/oluwabamise/.m2/repository/org/openpnp/opencv/4.3.0-3/opencv-4.3.0-3.jar:/Users/oluwabamise/.m2/repository/commons-cli/commons-cli/1.4/commons-cli-1.4.jar:/Users/oluwabamise/.m2/repository/org/apache/commons/commons-exec/1.3/commons-exec-1.3.jar:/Users/oluwabamise/.m2/repository/net/java/dev/jna/jna-platform/5.6.0/jna-platform-5.6.0.jar:/Users/oluwabamise/.m2/repository/net/java/dev/jna/jna/5.6.0/jna-5.6.0.jar:/Users/oluwabamise/.m2/repository/net/oneandone/reflections8/reflections8/0.11.6/reflections8-0.11.6.jar:/Users/oluwabamise/.m2/repository/org/javassist/javassist/3.22.0-GA/javassist-3.22.0-GA.jar:/Users/oluwabamise/.m2/repository/net/sourceforge/tess4j/tess4j/4.5.4/tess4j-4.5.4.jar:/Users/oluwabamise/.m2/repository/com/github/jai-imageio/jai-imageio-core/1.4.0/jai-imageio-core-1.4.0.jar:/Users/oluwabamise/.m2/repository/org/ghost4j/ghost4j/1.0.1/ghost4j-1.0.1.jar:/Users/oluwabamise/.m2/repository/log4j/log4j/1.2.17/log4j-1.2.17.jar:/Users/oluwabamise/.m2/repository/commons-beanutils/commons-beanutils/1.9.2/commons-beanutils-1.9.2.jar:/Users/oluwabamise/.m2/repository/commons-collections/commons-collections/3.2.1/commons-collections-3.2.1.jar:/Users/oluwabamise/.m2/repository/org/apache/xmlgraphics/xmlgraphics-commons/1.4/xmlgraphics-commons-1.4.jar:/Users/oluwabamise/.m2/repository/com/lowagie/itext/2.1.7/itext-2.1.7.jar:/Users/oluwabamise/.m2/repository/org/apache/pdfbox/pdfbox/2.0.21/pdfbox-2.0.21.jar:/Users/oluwabamise/.m2/repository/org/apache/pdfbox/fontbox/2.0.21/fontbox-2.0.21.jar:/Users/oluwabamise/.m2/repository/commons-logging/commons-logging/1.2/commons-logging-1.2.jar:/Users/oluwabamise/.m2/repository/org/apache/pdfbox/pdfbox-tools/2.0.21/pdfbox-tools-2.0.21.jar:/Users/oluwabamise/.m2/repository/org/apache/pdfbox/pdfbox-debugger/2.0.21/pdfbox-debugger-2.0.21.jar:/Users/oluwabamise/.m2/repository/org/apache/pdfbox/jbig2-imageio/3.0.3/jbig2-imageio-3.0.3.jar:/Users/oluwabamise/.m2/repository/commons-io/commons-io/2.8.0/commons-io-2.8.0.jar:/Users/oluwabamise/.m2/repository/net/sourceforge/lept4j/lept4j/1.13.2/lept4j-1.13.2.jar:/Users/oluwabamise/.m2/repository/org/jboss/jboss-vfs/3.2.15.Final/jboss-vfs-3.2.15.Final.jar:/Users/oluwabamise/.m2/repository/org/jboss/logging/jboss-logging/3.1.4.GA/jboss-logging-3.1.4.GA.jar:/Users/oluwabamise/.m2/repository/org/slf4j/slf4j-nop/1.7.28/slf4j-nop-1.7.28.jar:/Users/oluwabamise/.m2/repository/net/sf/py4j/py4j/0.10.9.1/py4j-0.10.9.1.jar:/Users/oluwabamise/.m2/repository/io/github/bonigarcia/webdrivermanager/5.6.2/webdrivermanager-5.6.2.jar:/Users/oluwabamise/.m2/repository/com/google/code/gson/gson/2.10.1/gson-2.10.1.jar:/Users/oluwabamise/.m2/repository/com/github/docker-java/docker-java/3.3.4/docker-java-3.3.4.jar:/Users/oluwabamise/.m2/repository/com/github/docker-java/docker-java-core/3.3.4/docker-java-core-3.3.4.jar:/Users/oluwabamise/.m2/repository/com/github/docker-java/docker-java-api/3.3.4/docker-java-api-3.3.4.jar:/Users/oluwabamise/.m2/repository/com/fasterxml/jackson/core/jackson-annotations/2.10.3/jackson-annotations-2.10.3.jar:/Users/oluwabamise/.m2/repository/com/fasterxml/jackson/core/jackson-databind/2.10.3/jackson-databind-2.10.3.jar:/Users/oluwabamise/.m2/repository/com/fasterxml/jackson/core/jackson-core/2.10.3/jackson-core-2.10.3.jar:/Users/oluwabamise/.m2/repository/org/bouncycastle/bcpkix-jdk18on/1.76/bcpkix-jdk18on-1.76.jar:/Users/oluwabamise/.m2/repository/org/bouncycastle/bcprov-jdk18on/1.76/bcprov-jdk18on-1.76.jar:/Users/oluwabamise/.m2/repository/org/bouncycastle/bcutil-jdk18on/1.76/bcutil-jdk18on-1.76.jar:/Users/oluwabamise/.m2/repository/org/slf4j/jcl-over-slf4j/1.7.30/jcl-over-slf4j-1.7.30.jar:/Users/oluwabamise/.m2/repository/com/github/docker-java/docker-java-transport-httpclient5/3.3.4/docker-java-transport-httpclient5-3.3.4.jar:/Users/oluwabamise/.m2/repository/com/github/docker-java/docker-java-transport/3.3.4/docker-java-transport-3.3.4.jar:/Users/oluwabamise/.m2/repository/org/brotli/dec/0.1.2/dec-0.1.2.jar:/Users/oluwabamise/.m2/repository/org/apache/commons/commons-lang3/3.13.0/commons-lang3-3.13.0.jar:/Users/oluwabamise/.m2/repository/org/apache/commons/commons-compress/1.24.0/commons-compress-1.24.0.jar:/Users/oluwabamise/.m2/repository/org/apache/httpcomponents/client5/httpclient5/5.2.1/httpclient5-5.2.1.jar:/Users/oluwabamise/.m2/repository/org/apache/httpcomponents/core5/httpcore5/5.2/httpcore5-5.2.jar:/Users/oluwabamise/.m2/repository/org/apache/httpcomponents/core5/httpcore5-h2/5.2/httpcore5-h2-5.2.jar:/Users/oluwabamise/.m2/repository/org/slf4j/slf4j-api/2.0.9/slf4j-api-2.0.9.jar:/Users/oluwabamise/.m2/repository/org/slf4j/slf4j-simple/2.0.9/slf4j-simple-2.0.9.jar:"/>
    <property name="sun.cpu.endian" value="little"/>
    <property name="user.home" value="/Users/oluwabamise"/>
    <property name="user.language" value="en"/>
    <property name="java.specification.vendor" value="Oracle Corporation"/>
    <property name="java.version.date" value="2023-10-17"/>
    <property name="java.home" value="/Users/oluwabamise/Library/Java/JavaVirtualMachines/openjdk-21.0.1/Contents/Home"/>
    <property name="file.separator" value="/"/>
    <property name="basedir" value="/Users/oluwabamise/flutter_e2e"/>
    <property name="java.vm.compressedOopsMode" value="Zero based"/>
    <property name="line.separator" value="&#10;"/>
    <property name="java.vm.specification.vendor" value="Oracle Corporation"/>
    <property name="java.specification.name" value="Java Platform API Specification"/>
    <property name="apple.awt.application.name" value="ForkedBooter"/>
    <property name="surefire.real.class.path" value="/Users/oluwabamise/flutter_e2e/target/surefire/surefirebooter-20250118165736775_3.jar"/>
    <property name="sun.management.compiler" value="HotSpot 64-Bit Tiered Compilers"/>
    <property name="java.runtime.version" value="21.0.1+12-29"/>
    <property name="user.name" value="oluwabamise"/>
    <property name="stdout.encoding" value="UTF-8"/>
    <property name="path.separator" value=":"/>
    <property name="os.version" value="14.4.1"/>
    <property name="java.runtime.name" value="OpenJDK Runtime Environment"/>
    <property name="file.encoding" value="UTF-8"/>
    <property name="java.vm.name" value="OpenJDK 64-Bit Server VM"/>
    <property name="localRepository" value="/Users/oluwabamise/.m2/repository"/>
    <property name="java.vendor.url.bug" value="https://bugreport.java.com/bugreport/"/>
    <property name="java.io.tmpdir" value="/var/folders/pr/4_q4vj4127x5v0xw94x_jbb80000gn/T/"/>
    <property name="java.version" value="21.0.1"/>
    <property name="user.dir" value="/Users/oluwabamise/flutter_e2e"/>
    <property name="os.arch" value="x86_64"/>
    <property name="java.vm.specification.name" value="Java Virtual Machine Specification"/>
    <property name="native.encoding" value="UTF-8"/>
    <property name="java.library.path" value="/Users/oluwabamise/Library/Java/Extensions:/Library/Java/Extensions:/Network/Library/Java/Extensions:/System/Library/Java/Extensions:/usr/lib/java:."/>
    <property name="java.vm.info" value="mixed mode, sharing"/>
    <property name="stderr.encoding" value="UTF-8"/>
    <property name="java.vendor" value="Oracle Corporation"/>
    <property name="java.vm.version" value="21.0.1+12-29"/>
    <property name="sun.io.unicode.encoding" value="UnicodeBig"/>
    <property name="java.class.version" value="65.0"/>
  </properties>
  <testcase name="testTeamCreationWithoutNewPlayer" classname="com.teambuilder.tests.TeamCreationTest" time="190.004">
    <system-out><![CDATA[[log] highlight M[335,490 595x66]On(0) S 9172 for 1.0 secs
[log] CLICK on L[632,523]@S(0) (639 msec)
[log] CLICK on L[632,523]@S(0) (84 msec)
[log] CLICK on L[632,523]@S(0) (86 msec)
[log] CLICK on L[655,586]@S(0) (632 msec)
[log] CLICK on L[649,655]@S(0) (641 msec)
[log] highlight M[438,220 412x216]On(0) S 4204 for 5.0 secs
[log] CLICK on L[644,333]@S(0) (636 msec)
[log] highlight M[528,310 255x188]On(0) S 3925 for 5.0 secs
[log] CLICK on L[655,409]@S(0) (630 msec)
[log] highlight M[12,433 1418x63]On(0) S 6528 for 2.0 secs
[log] CLICK on L[721,464]@S(0) (637 msec)
[log] CLICK on L[721,464]@S(0) (79 msec)
[log] CLICK on L[721,464]@S(0) (81 msec)
[log]  TYPE "#BACK."
[log]  TYPE "#BACK."
[log]  TYPE "#BACK."
[log]  TYPE "#BACK."
[log]  TYPE "#BACK."
[log]  TYPE "2"
[log] CLICK on L[643,534]@S(0) (643 msec)
[log] CLICK on L[682,193]@S(0) (634 msec)
[log] CLICK on L[648,180]@S(0) (636 msec)
]]></system-out>
    <system-err><![CDATA[[main] INFO io.github.bonigarcia.wdm.WebDriverManager - Using chromedriver 132.0.6834.83 (resolved driver for Chrome 132)
[main] INFO io.github.bonigarcia.wdm.WebDriverManager - Exporting webdriver.chrome.driver as /Users/oluwabamise/.cache/selenium/chromedriver/mac64/132.0.6834.83/chromedriver
Jan 18, 2025 4:57:48 PM org.openqa.selenium.devtools.CdpVersionFinder findNearestMatch
WARNING: Unable to find CDP implementation matching 132
Jan 18, 2025 4:57:48 PM org.openqa.selenium.chromium.ChromiumDriver lambda$new$5
WARNING: Unable to find version of CDP to use for 132.0.6834.83. You may need to include a dependency on a specific version of the CDP using something similar to `org.seleniumhq.selenium:selenium-devtools-v86:4.16.1` where the version ("v86") matches the version of the chromium-based browser you're using and the version number of the artifact is the same as Selenium's.
[main] INFO com.teambuilder.tests.TeamCreationTest - Starting team creation test
[main] INFO com.teambuilder.tests.TeamCreationTest - Initializing page objects
[main] INFO com.teambuilder.pages.LoginPage - Image file exists: emailinputlogin.png
[main] INFO com.teambuilder.pages.LoginPage - Image file exists: password-input.png
[main] INFO com.teambuilder.pages.LoginPage - Image file exists: login-button.png
[main] INFO com.teambuilder.pages.LoginPage - Image file exists: team-balancer-text.png
[main] INFO com.teambuilder.pages.SportSelectionPage - Loading basketball image from: /Users/oluwabamise/flutter_e2e/src/test/resources/images/sports/basketball.png
[main] INFO com.teambuilder.pages.SportSelectionPage - Basketball image size: 168802 bytes
[main] INFO com.teambuilder.pages.SportSelectionPage - Loading soccer image from: /Users/oluwabamise/flutter_e2e/src/test/resources/images/sports/verifysoccer.png
[main] INFO com.teambuilder.pages.SportSelectionPage - Soccer image size: 42065 bytes
[main] INFO com.teambuilder.pages.SportSelectionPage - Screen dimensions: 1440x900
[main] INFO com.teambuilder.pages.SportSelectionPage - Screen bounds: java.awt.Rectangle[x=0,y=0,width=1440,height=900]
[main] INFO com.teambuilder.pages.TeamCreationPage - Initialized TeamCreationPage with patterns from: /Users/oluwabamise/flutter_e2e/src/test/resources/screenshots/team_creation/
[main] INFO com.teambuilder.tests.TeamCreationTest - Step 1: Starting login process
[main] INFO com.teambuilder.tests.TeamCreationTest - Entering email
[main] INFO com.teambuilder.pages.LoginPage - Entering email: oluwabamiseolanipekun@gmail.com
[main] INFO com.teambuilder.pages.LoginPage - Attempting to find email input using WebDriver
[main] WARN com.teambuilder.pages.LoginPage - WebDriver approach failed, falling back to Sikuli: Expected condition failed: waiting for presence of element located by: By.cssSelector: input[type='email'], input[placeholder*='email'], input[name*='email'] (tried for 30 second(s) with 500 milliseconds interval)
[main] INFO com.teambuilder.pages.LoginPage - Looking for email input field using Sikuli...
[main] INFO com.teambuilder.pages.LoginPage - Trying similarity threshold: 0.4
[main] INFO com.teambuilder.pages.LoginPage - Found email input at location: (335, 490)
[main] INFO com.teambuilder.pages.LoginPage - Typing email text: oluwabamiseolanipekun@gmail.com
[main] INFO com.teambuilder.pages.LoginPage - Typing character: o
[main] INFO com.teambuilder.pages.LoginPage - Typing character: l
[main] INFO com.teambuilder.pages.LoginPage - Typing character: u
[main] INFO com.teambuilder.pages.LoginPage - Typing character: w
[main] INFO com.teambuilder.pages.LoginPage - Typing character: a
[main] INFO com.teambuilder.pages.LoginPage - Typing character: b
[main] INFO com.teambuilder.pages.LoginPage - Typing character: a
[main] INFO com.teambuilder.pages.LoginPage - Typing character: m
[main] INFO com.teambuilder.pages.LoginPage - Typing character: i
[main] INFO com.teambuilder.pages.LoginPage - Typing character: s
[main] INFO com.teambuilder.pages.LoginPage - Typing character: e
[main] INFO com.teambuilder.pages.LoginPage - Typing character: o
[main] INFO com.teambuilder.pages.LoginPage - Typing character: l
[main] INFO com.teambuilder.pages.LoginPage - Typing character: a
[main] INFO com.teambuilder.pages.LoginPage - Typing character: n
[main] INFO com.teambuilder.pages.LoginPage - Typing character: i
[main] INFO com.teambuilder.pages.LoginPage - Typing character: p
[main] INFO com.teambuilder.pages.LoginPage - Typing character: e
[main] INFO com.teambuilder.pages.LoginPage - Typing character: k
[main] INFO com.teambuilder.pages.LoginPage - Typing character: u
[main] INFO com.teambuilder.pages.LoginPage - Typing character: n
[main] INFO com.teambuilder.pages.LoginPage - Typing character: @
[main] INFO com.teambuilder.pages.LoginPage - Typing character: g
[main] INFO com.teambuilder.pages.LoginPage - Typing character: m
[main] INFO com.teambuilder.pages.LoginPage - Typing character: a
[main] INFO com.teambuilder.pages.LoginPage - Typing character: i
[main] INFO com.teambuilder.pages.LoginPage - Typing character: l
[main] INFO com.teambuilder.pages.LoginPage - Typing character: .
[main] INFO com.teambuilder.pages.LoginPage - Typing character: c
[main] INFO com.teambuilder.pages.LoginPage - Typing character: o
[main] INFO com.teambuilder.pages.LoginPage - Typing character: m
[main] INFO com.teambuilder.pages.LoginPage - Finished entering email
[main] INFO com.teambuilder.tests.TeamCreationTest - Entering password
[main] INFO com.teambuilder.pages.LoginPage - Entering password: Bamise123
[main] INFO com.teambuilder.pages.LoginPage - Typing character: B
[main] INFO com.teambuilder.pages.LoginPage - Typing character: a
[main] INFO com.teambuilder.pages.LoginPage - Typing character: m
[main] INFO com.teambuilder.pages.LoginPage - Typing character: i
[main] INFO com.teambuilder.pages.LoginPage - Typing character: s
[main] INFO com.teambuilder.pages.LoginPage - Typing character: e
[main] INFO com.teambuilder.pages.LoginPage - Typing character: 1
[main] INFO com.teambuilder.pages.LoginPage - Typing character: 2
[main] INFO com.teambuilder.pages.LoginPage - Typing character: 3
[main] INFO com.teambuilder.pages.LoginPage - Finished entering password
[main] INFO com.teambuilder.tests.TeamCreationTest - Clicking login button
[main] INFO com.teambuilder.pages.LoginPage - Clicking login button
[main] INFO com.teambuilder.tests.TeamCreationTest - Step 2: Selecting basketball
[main] INFO com.teambuilder.pages.SportSelectionPage - Attempting to select Basketball
[main] INFO com.teambuilder.pages.SportSelectionPage - Waiting for page to stabilize...
[main] INFO com.teambuilder.pages.SportSelectionPage - Screen state before search - Width: 1440, Height: 900, X: 0, Y: 0
[main] INFO com.teambuilder.pages.SportSelectionPage - Attempt 1 to find basketball image...
[main] INFO com.teambuilder.pages.SportSelectionPage - Found basketball on attempt 1
[main] INFO com.teambuilder.pages.SportSelectionPage - Found basketball option at location: (438, 220)
[main] INFO com.teambuilder.pages.SportSelectionPage - Match score: 0.42044517397880554
[main] INFO com.teambuilder.pages.SportSelectionPage - Match target: L[644,328]@S(0)
[main] INFO com.teambuilder.pages.SportSelectionPage - Successfully clicked on Basketball option with offset
[main] INFO com.teambuilder.pages.SportSelectionPage - Found soccer image at location: (528, 310)
[main] INFO com.teambuilder.pages.SportSelectionPage - Soccer match score: 0.39253300428390503
[main] INFO com.teambuilder.pages.SportSelectionPage - Clicked on soccer image with offset
[main] INFO com.teambuilder.pages.SportSelectionPage - Finished waiting after soccer click
[main] INFO com.teambuilder.tests.TeamCreationTest - Step 3: Entering team number
[main] INFO com.teambuilder.pages.TeamCreationPage - Attempting to enter team number into the second input field: 2
[main] INFO com.teambuilder.pages.TeamCreationPage - Attempts remaining: 10
[main] INFO com.teambuilder.pages.TeamCreationPage - Looking for all matches for team number input fields
[main] INFO com.teambuilder.pages.TeamCreationPage - Number of input fields found: 5
[main] INFO com.teambuilder.pages.TeamCreationPage - Found second team number input field at (12, 433)
[main] INFO com.teambuilder.pages.TeamCreationPage - Clicking the second input field to focus
[main] INFO com.teambuilder.pages.TeamCreationPage - Clearing existing value
[main] INFO com.teambuilder.pages.TeamCreationPage - Typing team number: 2
[main] INFO com.teambuilder.pages.TeamCreationPage - Successfully verified team number entry in second field
[main] INFO com.teambuilder.tests.TeamCreationTest - Step 4: Selecting skills
[main] INFO com.teambuilder.pages.TeamCreationPage - Attempting to click select skill button
[main] INFO com.teambuilder.pages.TeamCreationPage - Successfully clicked select skill button
[main] INFO com.teambuilder.pages.TeamCreationPage - Attempting to select skill from popup
[main] INFO com.teambuilder.pages.TeamCreationPage - Successfully selected skill from popup
[main] INFO com.teambuilder.pages.TeamCreationPage - Attempting to click confirm button
[main] INFO com.teambuilder.pages.TeamCreationPage - Successfully clicked confirm button
]]></system-err>
  </testcase>
</testsuite>