<?xml version="1.0" encoding="UTF-8"?>
<!-- Generated by org.testng.reporters.JUnitReportReporter -->
<testsuite hostname="Asiwajus-MacBook-Air.local" failures="0" tests="1" name="com.teambuilder.tests.OnboardingTest" time="163.407" errors="0" timestamp="2025-01-15T23:37:55 WET" skipped="0">
  <testcase classname="com.teambuilder.tests.OnboardingTest" name="testOnboardingFlow" time="163.407"/>
</testsuite> <!-- com.teambuilder.tests.OnboardingTest -->
