<?xml version="1.0" encoding="UTF-8"?>
<!-- Generated by org.testng.reporters.JUnitReportReporter -->
<testsuite hostname="Asiwajus-MacBook-Air.local" failures="0" tests="1" name="com.teambuilder.tests.RegistrationTest" time="183.852" errors="0" timestamp="2025-01-16T11:36:23 WET" skipped="0">
  <testcase classname="com.teambuilder.tests.RegistrationTest" name="testRegistration" time="183.852"/>
</testsuite> <!-- com.teambuilder.tests.RegistrationTest -->
