<?xml version="1.0" encoding="UTF-8"?>
<!-- Generated by org.testng.reporters.JUnitReportReporter -->
<testsuite hostname="Asiwajus-MacBook-Air.local" failures="0" tests="1" name="com.teambuilder.tests.TeamCreationTest" time="206.034" errors="0" timestamp="2025-01-18T17:01:04 WET" skipped="0">
  <testcase classname="com.teambuilder.tests.TeamCreationTest" name="testTeamCreationWithoutNewPlayer" time="206.034"/>
</testsuite> <!-- com.teambuilder.tests.TeamCreationTest -->
